Determining if the pthread_create exist failed with the following output:
Change Dir: /home/florian/gitRepo/TrailEngine/TrailEngine/trailEngine-build/CMakeFiles/CMakeTmp

Run Build Command:"/usr/bin/gmake" "cmTryCompileExec1241009697/fast"
/usr/bin/gmake -f CMakeFiles/cmTryCompileExec1241009697.dir/build.make CMakeFiles/cmTryCompileExec1241009697.dir/build
gmake[1]: Entering directory '/home/florian/gitRepo/TrailEngine/TrailEngine/trailEngine-build/CMakeFiles/CMakeTmp'
/usr/bin/cmake -E cmake_progress_report /home/florian/gitRepo/TrailEngine/TrailEngine/trailEngine-build/CMakeFiles/CMakeTmp/CMakeFiles 1
Building C object CMakeFiles/cmTryCompileExec1241009697.dir/CheckSymbolExists.c.o
/usr/bin/cc    -o CMakeFiles/cmTryCompileExec1241009697.dir/CheckSymbolExists.c.o   -c /home/florian/gitRepo/TrailEngine/TrailEngine/trailEngine-build/CMakeFiles/CMakeTmp/CheckSymbolExists.c
Linking C executable cmTryCompileExec1241009697
/usr/bin/cmake -E cmake_link_script CMakeFiles/cmTryCompileExec1241009697.dir/link.txt --verbose=1
/usr/bin/cc       CMakeFiles/cmTryCompileExec1241009697.dir/CheckSymbolExists.c.o  -o cmTryCompileExec1241009697 -rdynamic 
CMakeFiles/cmTryCompileExec1241009697.dir/CheckSymbolExists.c.o: dans la fonction « main »:
CheckSymbolExists.c:(.text+0x16): référence indéfinie vers « pthread_create »
collect2: error: ld returned 1 exit status
CMakeFiles/cmTryCompileExec1241009697.dir/build.make:88: recipe for target 'cmTryCompileExec1241009697' failed
gmake[1]: Leaving directory '/home/florian/gitRepo/TrailEngine/TrailEngine/trailEngine-build/CMakeFiles/CMakeTmp'
gmake[1]: *** [cmTryCompileExec1241009697] Error 1
Makefile:117: recipe for target 'cmTryCompileExec1241009697/fast' failed
gmake: *** [cmTryCompileExec1241009697/fast] Error 2

File /home/florian/gitRepo/TrailEngine/TrailEngine/trailEngine-build/CMakeFiles/CMakeTmp/CheckSymbolExists.c:
/* */
#include <pthread.h>

int main(int argc, char** argv)
{
  (void)argv;
#ifndef pthread_create
  return ((int*)(&pthread_create))[argc];
#else
  (void)argc;
  return 0;
#endif
}

Determining if the function pthread_create exists in the pthreads failed with the following output:
Change Dir: /home/florian/gitRepo/TrailEngine/TrailEngine/trailEngine-build/CMakeFiles/CMakeTmp

Run Build Command:"/usr/bin/gmake" "cmTryCompileExec2443523602/fast"
/usr/bin/gmake -f CMakeFiles/cmTryCompileExec2443523602.dir/build.make CMakeFiles/cmTryCompileExec2443523602.dir/build
gmake[1]: Entering directory '/home/florian/gitRepo/TrailEngine/TrailEngine/trailEngine-build/CMakeFiles/CMakeTmp'
/usr/bin/cmake -E cmake_progress_report /home/florian/gitRepo/TrailEngine/TrailEngine/trailEngine-build/CMakeFiles/CMakeTmp/CMakeFiles 1
Building C object CMakeFiles/cmTryCompileExec2443523602.dir/CheckFunctionExists.c.o
/usr/bin/cc   -DCHECK_FUNCTION_EXISTS=pthread_create   -o CMakeFiles/cmTryCompileExec2443523602.dir/CheckFunctionExists.c.o   -c /usr/share/cmake-3.2/Modules/CheckFunctionExists.c
Linking C executable cmTryCompileExec2443523602
/usr/bin/cmake -E cmake_link_script CMakeFiles/cmTryCompileExec2443523602.dir/link.txt --verbose=1
/usr/bin/cc   -DCHECK_FUNCTION_EXISTS=pthread_create    CMakeFiles/cmTryCompileExec2443523602.dir/CheckFunctionExists.c.o  -o cmTryCompileExec2443523602 -rdynamic -lpthreads 
/usr/bin/ld: ne peut trouver -lpthreads
collect2: error: ld returned 1 exit status
CMakeFiles/cmTryCompileExec2443523602.dir/build.make:88: recipe for target 'cmTryCompileExec2443523602' failed
gmake[1]: Leaving directory '/home/florian/gitRepo/TrailEngine/TrailEngine/trailEngine-build/CMakeFiles/CMakeTmp'
gmake[1]: *** [cmTryCompileExec2443523602] Error 1
Makefile:117: recipe for target 'cmTryCompileExec2443523602/fast' failed
gmake: *** [cmTryCompileExec2443523602/fast] Error 2


